
sum.elf:     file format elf64-littleriscv


Disassembly of section .text:

0000000000000000 <sum>:
   0:	02b05a63          	blez	a1,34 <sum+0x34>
   4:	fff5871b          	addiw	a4,a1,-1
   8:	02071713          	slli	a4,a4,0x20
   c:	00450693          	addi	a3,a0,4
  10:	01e75713          	srli	a4,a4,0x1e
  14:	00050793          	mv	a5,a0
  18:	00d70733          	add	a4,a4,a3
  1c:	00000513          	li	a0,0
  20:	0007a683          	lw	a3,0(a5)
  24:	00478793          	addi	a5,a5,4
  28:	00a6853b          	addw	a0,a3,a0
  2c:	fef71ae3          	bne	a4,a5,20 <sum+0x20>
  30:	00008067          	ret
  34:	00000513          	li	a0,0
  38:	00008067          	ret

Disassembly of section .interp:

000000000000003c <.interp>:
  3c:	62696c2f          	0x62696c2f
  40:	2d646c2f          	0x2d646c2f
  44:	696c                	ld	a1,208(a0)
  46:	756e                	ld	a0,248(sp)
  48:	2d78                	fld	fa4,216(a0)
  4a:	6972                	ld	s2,280(sp)
  4c:	36766373          	csrrsi	t1,0x367,12
  50:	2d34                	fld	fa3,88(a0)
  52:	706c                	ld	a1,224(s0)
  54:	3436                	fld	fs0,360(sp)
  56:	2e64                	fld	fs1,216(a2)
  58:	312e6f73          	csrrsi	t5,0x312,28
	...

Disassembly of section .dynsym:

0000000000000060 <.dynsym>:
	...

Disassembly of section .dynstr:

0000000000000078 <.dynstr>:
  78:	6c00                	ld	s0,24(s0)
  7a:	6269                	lui	tp,0x1a
  7c:	6f732e63          	0x6f732e63
  80:	362e                	fld	fa2,232(sp)
	...

Disassembly of section .hash:

0000000000000088 <.hash>:
  88:	0001                	nop
  8a:	0000                	unimp
  8c:	0001                	nop
	...

Disassembly of section .gnu.hash:

0000000000000098 <.gnu.hash>:
  98:	0001                	nop
  9a:	0000                	unimp
  9c:	0001                	nop
  9e:	0000                	unimp
  a0:	0001                	nop
	...

Disassembly of section .dynamic:

00000000000000b8 <_DYNAMIC>:
  b8:	0001                	nop
  ba:	0000                	unimp
  bc:	0000                	unimp
  be:	0000                	unimp
  c0:	0001                	nop
  c2:	0000                	unimp
  c4:	0000                	unimp
  c6:	0000                	unimp
  c8:	0004                	0x4
  ca:	0000                	unimp
  cc:	0000                	unimp
  ce:	0000                	unimp
  d0:	0088                	addi	a0,sp,64
  d2:	0000                	unimp
  d4:	0000                	unimp
  d6:	0000                	unimp
  d8:	fef5                	bnez	a3,d4 <_DYNAMIC+0x1c>
  da:	6fff                	0x6fff
  dc:	0000                	unimp
  de:	0000                	unimp
  e0:	0098                	addi	a4,sp,64
  e2:	0000                	unimp
  e4:	0000                	unimp
  e6:	0000                	unimp
  e8:	0005                	c.nop	1
  ea:	0000                	unimp
  ec:	0000                	unimp
  ee:	0000                	unimp
  f0:	0078                	addi	a4,sp,12
  f2:	0000                	unimp
  f4:	0000                	unimp
  f6:	0000                	unimp
  f8:	0006                	c.slli	zero,0x1
  fa:	0000                	unimp
  fc:	0000                	unimp
  fe:	0000                	unimp
 100:	0060                	addi	s0,sp,12
 102:	0000                	unimp
 104:	0000                	unimp
 106:	0000                	unimp
 108:	000a                	c.slli	zero,0x2
 10a:	0000                	unimp
 10c:	0000                	unimp
 10e:	0000                	unimp
 110:	0000000b          	0xb
 114:	0000                	unimp
 116:	0000                	unimp
 118:	0000000b          	0xb
 11c:	0000                	unimp
 11e:	0000                	unimp
 120:	0018                	0x18
 122:	0000                	unimp
 124:	0000                	unimp
 126:	0000                	unimp
 128:	0015                	c.nop	5
	...
 136:	0000                	unimp
 138:	00000007          	0x7
	...
 148:	0008                	0x8
	...
 156:	0000                	unimp
 158:	0009                	c.nop	2
 15a:	0000                	unimp
 15c:	0000                	unimp
 15e:	0000                	unimp
 160:	0018                	0x18
	...

Disassembly of section .got:

00000000000001c8 <_GLOBAL_OFFSET_TABLE_>:
 1c8:	00b8                	addi	a4,sp,72
 1ca:	0000                	unimp
 1cc:	0000                	unimp
	...

Disassembly of section .comment:

0000000000000000 <.comment>:
   0:	3a434347          	fmsub.d	ft6,ft6,ft4,ft7,rmm
   4:	2820                	fld	fs0,80(s0)
   6:	29554e47          	fmsub.s	ft8,fa0,fs5,ft5,rmm
   a:	3920                	fld	fs0,112(a0)
   c:	322e                	fld	ft4,232(sp)
   e:	302e                	fld	ft0,232(sp)
	...
